2024/03/22 07:33:53 [notice] 1#1: using the "epoll" event method
2024/03/22 07:33:53 [notice] 1#1: nginx/1.25.4
2024/03/22 07:33:53 [notice] 1#1: built by gcc 12.2.1 20220924 (Alpine 12.2.1_git20220924-r10) 
2024/03/22 07:33:53 [notice] 1#1: OS: Linux 6.5.0-26-generic
2024/03/22 07:33:53 [notice] 1#1: getrlimit(RLIMIT_NOFILE): 1048576:1048576
2024/03/22 07:33:53 [notice] 1#1: start worker processes
2024/03/22 07:33:53 [notice] 1#1: start worker process 29
2024/03/22 07:33:53 [notice] 1#1: start worker process 30
2024/03/22 07:33:53 [notice] 1#1: start worker process 31
2024/03/22 07:33:53 [notice] 1#1: start worker process 32
2024/03/22 07:34:52 [notice] 1#1: signal 3 (SIGQUIT) received, shutting down
2024/03/22 07:34:52 [notice] 31#31: gracefully shutting down
2024/03/22 07:34:52 [notice] 29#29: gracefully shutting down
2024/03/22 07:34:52 [notice] 31#31: exiting
2024/03/22 07:34:52 [notice] 29#29: exiting
2024/03/22 07:34:52 [notice] 29#29: exit
2024/03/22 07:34:52 [notice] 31#31: exit
2024/03/22 07:34:52 [notice] 30#30: gracefully shutting down
2024/03/22 07:34:52 [notice] 30#30: exiting
2024/03/22 07:34:52 [notice] 30#30: exit
2024/03/22 07:34:52 [notice] 32#32: gracefully shutting down
2024/03/22 07:34:52 [notice] 32#32: exiting
2024/03/22 07:34:52 [notice] 32#32: exit
2024/03/22 07:34:52 [notice] 1#1: signal 17 (SIGCHLD) received from 29
2024/03/22 07:34:52 [notice] 1#1: worker process 29 exited with code 0
2024/03/22 07:34:52 [notice] 1#1: worker process 30 exited with code 0
2024/03/22 07:34:52 [notice] 1#1: worker process 31 exited with code 0
2024/03/22 07:34:52 [notice] 1#1: signal 29 (SIGIO) received
2024/03/22 07:34:52 [notice] 1#1: signal 17 (SIGCHLD) received from 31
2024/03/22 07:34:52 [notice] 1#1: signal 17 (SIGCHLD) received from 32
2024/03/22 07:34:52 [notice] 1#1: worker process 32 exited with code 0
2024/03/22 07:34:52 [notice] 1#1: exit
2024/03/22 07:37:19 [notice] 1#1: using the "epoll" event method
2024/03/22 07:37:19 [notice] 1#1: nginx/1.25.4
2024/03/22 07:37:19 [notice] 1#1: built by gcc 12.2.1 20220924 (Alpine 12.2.1_git20220924-r10) 
2024/03/22 07:37:19 [notice] 1#1: OS: Linux 6.5.0-26-generic
2024/03/22 07:37:19 [notice] 1#1: getrlimit(RLIMIT_NOFILE): 1048576:1048576
2024/03/22 07:37:19 [notice] 1#1: start worker processes
2024/03/22 07:37:19 [notice] 1#1: start worker process 28
2024/03/22 07:37:19 [notice] 1#1: start worker process 29
2024/03/22 07:37:19 [notice] 1#1: start worker process 30
2024/03/22 07:37:19 [notice] 1#1: start worker process 31
2024/03/22 07:43:33 [notice] 1#1: signal 3 (SIGQUIT) received, shutting down
2024/03/22 07:43:33 [notice] 29#29: gracefully shutting down
2024/03/22 07:43:33 [notice] 28#28: gracefully shutting down
2024/03/22 07:43:33 [notice] 29#29: exiting
2024/03/22 07:43:33 [notice] 28#28: exiting
2024/03/22 07:43:33 [notice] 29#29: exit
2024/03/22 07:43:33 [notice] 28#28: exit
2024/03/22 07:43:33 [notice] 30#30: gracefully shutting down
2024/03/22 07:43:33 [notice] 30#30: exiting
2024/03/22 07:43:33 [notice] 30#30: exit
2024/03/22 07:43:33 [notice] 31#31: gracefully shutting down
2024/03/22 07:43:33 [notice] 31#31: exiting
2024/03/22 07:43:33 [notice] 31#31: exit
2024/03/22 07:43:33 [notice] 1#1: signal 17 (SIGCHLD) received from 30
2024/03/22 07:43:33 [notice] 1#1: worker process 30 exited with code 0
2024/03/22 07:43:33 [notice] 1#1: signal 29 (SIGIO) received
2024/03/22 07:43:33 [notice] 1#1: signal 17 (SIGCHLD) received from 29
2024/03/22 07:43:33 [notice] 1#1: worker process 29 exited with code 0
2024/03/22 07:43:33 [notice] 1#1: worker process 31 exited with code 0
2024/03/22 07:43:33 [notice] 1#1: signal 29 (SIGIO) received
2024/03/22 07:43:33 [notice] 1#1: signal 17 (SIGCHLD) received from 31
2024/03/22 07:43:33 [notice] 1#1: signal 17 (SIGCHLD) received from 28
2024/03/22 07:43:33 [notice] 1#1: worker process 28 exited with code 0
2024/03/22 07:43:33 [notice] 1#1: exit
2024/03/22 07:48:07 [notice] 1#1: using the "epoll" event method
2024/03/22 07:48:07 [notice] 1#1: nginx/1.25.4
2024/03/22 07:48:07 [notice] 1#1: built by gcc 12.2.1 20220924 (Alpine 12.2.1_git20220924-r10) 
2024/03/22 07:48:07 [notice] 1#1: OS: Linux 6.5.0-26-generic
2024/03/22 07:48:07 [notice] 1#1: getrlimit(RLIMIT_NOFILE): 1048576:1048576
2024/03/22 07:48:07 [notice] 1#1: start worker processes
2024/03/22 07:48:07 [notice] 1#1: start worker process 30
2024/03/22 07:48:07 [notice] 1#1: start worker process 31
2024/03/22 07:48:07 [notice] 1#1: start worker process 32
2024/03/22 07:48:07 [notice] 1#1: start worker process 33
2024/03/22 07:52:06 [notice] 1#1: signal 3 (SIGQUIT) received, shutting down
2024/03/22 07:52:06 [notice] 30#30: gracefully shutting down
2024/03/22 07:52:06 [notice] 30#30: exiting
2024/03/22 07:52:06 [notice] 30#30: exit
2024/03/22 07:52:06 [notice] 31#31: gracefully shutting down
2024/03/22 07:52:06 [notice] 32#32: gracefully shutting down
2024/03/22 07:52:06 [notice] 31#31: exiting
2024/03/22 07:52:06 [notice] 32#32: exiting
2024/03/22 07:52:06 [notice] 31#31: exit
2024/03/22 07:52:06 [notice] 32#32: exit
2024/03/22 07:52:06 [notice] 33#33: gracefully shutting down
2024/03/22 07:52:06 [notice] 33#33: exiting
2024/03/22 07:52:06 [notice] 33#33: exit
2024/03/22 07:52:06 [notice] 1#1: signal 17 (SIGCHLD) received from 33
2024/03/22 07:52:06 [notice] 1#1: worker process 33 exited with code 0
2024/03/22 07:52:06 [notice] 1#1: signal 29 (SIGIO) received
2024/03/22 07:52:06 [notice] 1#1: signal 17 (SIGCHLD) received from 31
2024/03/22 07:52:06 [notice] 1#1: worker process 31 exited with code 0
2024/03/22 07:52:06 [notice] 1#1: signal 29 (SIGIO) received
2024/03/22 07:52:06 [notice] 1#1: signal 17 (SIGCHLD) received from 30
2024/03/22 07:52:06 [notice] 1#1: worker process 30 exited with code 0
2024/03/22 07:52:06 [notice] 1#1: signal 29 (SIGIO) received
2024/03/22 07:52:06 [notice] 1#1: signal 17 (SIGCHLD) received from 32
2024/03/22 07:52:06 [notice] 1#1: worker process 32 exited with code 0
2024/03/22 07:52:06 [notice] 1#1: exit
2024/03/22 07:57:20 [notice] 1#1: using the "epoll" event method
2024/03/22 07:57:20 [notice] 1#1: nginx/1.25.4
2024/03/22 07:57:20 [notice] 1#1: built by gcc 12.2.1 20220924 (Alpine 12.2.1_git20220924-r10) 
2024/03/22 07:57:20 [notice] 1#1: OS: Linux 6.5.0-26-generic
2024/03/22 07:57:20 [notice] 1#1: getrlimit(RLIMIT_NOFILE): 1048576:1048576
2024/03/22 07:57:20 [notice] 1#1: start worker processes
2024/03/22 07:57:20 [notice] 1#1: start worker process 28
2024/03/22 07:57:20 [notice] 1#1: start worker process 29
2024/03/22 07:57:20 [notice] 1#1: start worker process 30
2024/03/22 07:57:20 [notice] 1#1: start worker process 31
2024/03/22 07:58:09 [notice] 1#1: signal 3 (SIGQUIT) received, shutting down
2024/03/22 07:58:09 [notice] 29#29: gracefully shutting down
2024/03/22 07:58:09 [notice] 28#28: gracefully shutting down
2024/03/22 07:58:09 [notice] 29#29: exiting
2024/03/22 07:58:09 [notice] 28#28: exiting
2024/03/22 07:58:09 [notice] 30#30: gracefully shutting down
2024/03/22 07:58:09 [notice] 30#30: exiting
2024/03/22 07:58:09 [notice] 28#28: exit
2024/03/22 07:58:09 [notice] 30#30: exit
2024/03/22 07:58:09 [notice] 31#31: gracefully shutting down
2024/03/22 07:58:09 [notice] 31#31: exiting
2024/03/22 07:58:09 [notice] 31#31: exit
2024/03/22 07:58:09 [notice] 29#29: exit
2024/03/22 07:58:09 [notice] 1#1: signal 17 (SIGCHLD) received from 28
2024/03/22 07:58:09 [notice] 1#1: worker process 28 exited with code 0
2024/03/22 07:58:09 [notice] 1#1: signal 29 (SIGIO) received
2024/03/22 07:58:09 [notice] 1#1: signal 17 (SIGCHLD) received from 29
2024/03/22 07:58:09 [notice] 1#1: worker process 29 exited with code 0
2024/03/22 07:58:09 [notice] 1#1: worker process 30 exited with code 0
2024/03/22 07:58:09 [notice] 1#1: signal 29 (SIGIO) received
2024/03/22 07:58:09 [notice] 1#1: signal 17 (SIGCHLD) received from 30
2024/03/22 07:58:09 [notice] 1#1: signal 17 (SIGCHLD) received from 31
2024/03/22 07:58:09 [notice] 1#1: worker process 31 exited with code 0
2024/03/22 07:58:09 [notice] 1#1: exit
2024/03/22 07:58:47 [notice] 1#1: using the "epoll" event method
2024/03/22 07:58:47 [notice] 1#1: nginx/1.25.4
2024/03/22 07:58:47 [notice] 1#1: built by gcc 12.2.1 20220924 (Alpine 12.2.1_git20220924-r10) 
2024/03/22 07:58:47 [notice] 1#1: OS: Linux 6.5.0-26-generic
2024/03/22 07:58:47 [notice] 1#1: getrlimit(RLIMIT_NOFILE): 1048576:1048576
2024/03/22 07:58:47 [notice] 1#1: start worker processes
2024/03/22 07:58:47 [notice] 1#1: start worker process 29
2024/03/22 07:58:47 [notice] 1#1: start worker process 30
2024/03/22 07:58:47 [notice] 1#1: start worker process 31
2024/03/22 07:58:47 [notice] 1#1: start worker process 32
2024/03/22 08:07:08 [notice] 1#1: signal 3 (SIGQUIT) received, shutting down
2024/03/22 08:07:08 [notice] 32#32: gracefully shutting down
2024/03/22 08:07:08 [notice] 31#31: gracefully shutting down
2024/03/22 08:07:08 [notice] 31#31: exiting
2024/03/22 08:07:08 [notice] 32#32: exiting
2024/03/22 08:07:08 [notice] 30#30: gracefully shutting down
2024/03/22 08:07:08 [notice] 29#29: gracefully shutting down
2024/03/22 08:07:08 [notice] 32#32: exit
2024/03/22 08:07:08 [notice] 29#29: exiting
2024/03/22 08:07:08 [notice] 29#29: exit
2024/03/22 08:07:08 [notice] 30#30: exiting
2024/03/22 08:07:08 [notice] 30#30: exit
2024/03/22 08:07:08 [notice] 31#31: exit
2024/03/22 08:07:08 [notice] 1#1: signal 17 (SIGCHLD) received from 31
2024/03/22 08:07:08 [notice] 1#1: worker process 31 exited with code 0
2024/03/22 08:07:08 [notice] 1#1: worker process 30 exited with code 0
2024/03/22 08:07:08 [notice] 1#1: signal 29 (SIGIO) received
2024/03/22 08:07:08 [notice] 1#1: signal 17 (SIGCHLD) received from 30
2024/03/22 08:07:08 [notice] 1#1: worker process 29 exited with code 0
2024/03/22 08:07:08 [notice] 1#1: signal 29 (SIGIO) received
2024/03/22 08:07:08 [notice] 1#1: signal 17 (SIGCHLD) received from 32
2024/03/22 08:07:08 [notice] 1#1: worker process 32 exited with code 0
2024/03/22 08:07:08 [notice] 1#1: exit
2024/03/22 08:20:25 [notice] 1#1: using the "epoll" event method
2024/03/22 08:20:25 [notice] 1#1: nginx/1.25.4
2024/03/22 08:20:25 [notice] 1#1: built by gcc 12.2.1 20220924 (Alpine 12.2.1_git20220924-r10) 
2024/03/22 08:20:25 [notice] 1#1: OS: Linux 6.5.0-26-generic
2024/03/22 08:20:25 [notice] 1#1: getrlimit(RLIMIT_NOFILE): 1048576:1048576
2024/03/22 08:20:25 [notice] 1#1: start worker processes
2024/03/22 08:20:25 [notice] 1#1: start worker process 29
2024/03/22 08:20:25 [notice] 1#1: start worker process 30
2024/03/22 08:20:25 [notice] 1#1: start worker process 31
2024/03/22 08:20:25 [notice] 1#1: start worker process 32
2024/03/22 18:12:37 [notice] 1#1: signal 3 (SIGQUIT) received, shutting down
2024/03/22 18:12:37 [notice] 32#32: gracefully shutting down
2024/03/22 18:12:37 [notice] 30#30: gracefully shutting down
2024/03/22 18:12:37 [notice] 31#31: gracefully shutting down
2024/03/22 18:12:37 [notice] 29#29: gracefully shutting down
2024/03/22 18:12:37 [notice] 32#32: exiting
2024/03/22 18:12:37 [notice] 30#30: exiting
2024/03/22 18:12:37 [notice] 29#29: exiting
2024/03/22 18:12:37 [notice] 31#31: exiting
2024/03/22 18:12:37 [notice] 29#29: exit
2024/03/22 18:12:37 [notice] 30#30: exit
2024/03/22 18:12:37 [notice] 32#32: exit
2024/03/22 18:12:37 [notice] 31#31: exit
2024/03/22 18:12:37 [notice] 1#1: signal 17 (SIGCHLD) received from 32
2024/03/22 18:12:37 [notice] 1#1: worker process 32 exited with code 0
2024/03/22 18:12:37 [notice] 1#1: signal 29 (SIGIO) received
2024/03/22 18:12:37 [notice] 1#1: signal 17 (SIGCHLD) received from 31
2024/03/22 18:12:37 [notice] 1#1: worker process 31 exited with code 0
2024/03/22 18:12:37 [notice] 1#1: signal 29 (SIGIO) received
2024/03/22 18:12:37 [notice] 1#1: signal 17 (SIGCHLD) received from 29
2024/03/22 18:12:37 [notice] 1#1: worker process 29 exited with code 0
2024/03/22 18:12:37 [notice] 1#1: signal 29 (SIGIO) received
2024/03/22 18:12:37 [notice] 1#1: signal 17 (SIGCHLD) received from 30
2024/03/22 18:12:37 [notice] 1#1: worker process 30 exited with code 0
2024/03/22 18:12:37 [notice] 1#1: exit
2024/03/22 18:13:00 [notice] 1#1: using the "epoll" event method
2024/03/22 18:13:00 [notice] 1#1: nginx/1.25.4
2024/03/22 18:13:00 [notice] 1#1: built by gcc 12.2.1 20220924 (Alpine 12.2.1_git20220924-r10) 
2024/03/22 18:13:00 [notice] 1#1: OS: Linux 6.5.0-26-generic
2024/03/22 18:13:00 [notice] 1#1: getrlimit(RLIMIT_NOFILE): 1048576:1048576
2024/03/22 18:13:00 [notice] 1#1: start worker processes
2024/03/22 18:13:00 [notice] 1#1: start worker process 29
2024/03/22 18:13:00 [notice] 1#1: start worker process 30
2024/03/22 18:13:00 [notice] 1#1: start worker process 31
2024/03/22 18:13:00 [notice] 1#1: start worker process 32
2024/03/22 18:21:18 [notice] 1#1: signal 3 (SIGQUIT) received, shutting down
2024/03/22 18:21:18 [notice] 32#32: gracefully shutting down
2024/03/22 18:21:18 [notice] 32#32: exiting
2024/03/22 18:21:18 [notice] 32#32: exit
2024/03/22 18:21:18 [notice] 30#30: gracefully shutting down
2024/03/22 18:21:18 [notice] 30#30: exiting
2024/03/22 18:21:18 [notice] 30#30: exit
2024/03/22 18:21:18 [notice] 31#31: gracefully shutting down
2024/03/22 18:21:18 [notice] 31#31: exiting
2024/03/22 18:21:18 [notice] 31#31: exit
2024/03/22 18:21:18 [notice] 29#29: gracefully shutting down
2024/03/22 18:21:18 [notice] 29#29: exiting
2024/03/22 18:21:18 [notice] 29#29: exit
2024/03/22 18:21:18 [notice] 1#1: signal 17 (SIGCHLD) received from 31
2024/03/22 18:21:18 [notice] 1#1: worker process 31 exited with code 0
2024/03/22 18:21:18 [notice] 1#1: worker process 32 exited with code 0
2024/03/22 18:21:18 [notice] 1#1: signal 29 (SIGIO) received
2024/03/22 18:21:18 [notice] 1#1: signal 17 (SIGCHLD) received from 30
2024/03/22 18:21:18 [notice] 1#1: worker process 30 exited with code 0
2024/03/22 18:21:18 [notice] 1#1: signal 29 (SIGIO) received
2024/03/22 18:21:18 [notice] 1#1: signal 17 (SIGCHLD) received from 29
2024/03/22 18:21:18 [notice] 1#1: worker process 29 exited with code 0
2024/03/22 18:21:18 [notice] 1#1: exit
2024/03/22 18:53:04 [notice] 1#1: using the "epoll" event method
2024/03/22 18:53:04 [notice] 1#1: nginx/1.25.4
2024/03/22 18:53:04 [notice] 1#1: built by gcc 12.2.1 20220924 (Alpine 12.2.1_git20220924-r10) 
2024/03/22 18:53:04 [notice] 1#1: OS: Linux 6.5.0-26-generic
2024/03/22 18:53:04 [notice] 1#1: getrlimit(RLIMIT_NOFILE): 1048576:1048576
2024/03/22 18:53:04 [notice] 1#1: start worker processes
2024/03/22 18:53:04 [notice] 1#1: start worker process 29
2024/03/22 18:53:04 [notice] 1#1: start worker process 30
2024/03/22 18:53:04 [notice] 1#1: start worker process 31
2024/03/22 18:53:04 [notice] 1#1: start worker process 32
2024/03/22 19:09:48 [notice] 1#1: signal 3 (SIGQUIT) received, shutting down
2024/03/22 19:09:48 [notice] 29#29: gracefully shutting down
2024/03/22 19:09:48 [notice] 31#31: gracefully shutting down
2024/03/22 19:09:48 [notice] 30#30: gracefully shutting down
2024/03/22 19:09:48 [notice] 32#32: gracefully shutting down
2024/03/22 19:09:48 [notice] 30#30: exiting
2024/03/22 19:09:48 [notice] 31#31: exiting
2024/03/22 19:09:48 [notice] 30#30: exit
2024/03/22 19:09:48 [notice] 32#32: exiting
2024/03/22 19:09:48 [notice] 31#31: exit
2024/03/22 19:09:48 [notice] 29#29: exiting
2024/03/22 19:09:48 [notice] 32#32: exit
2024/03/22 19:09:48 [notice] 29#29: exit
2024/03/22 19:09:48 [notice] 1#1: signal 17 (SIGCHLD) received from 30
2024/03/22 19:09:48 [notice] 1#1: worker process 29 exited with code 0
2024/03/22 19:09:48 [notice] 1#1: worker process 30 exited with code 0
2024/03/22 19:09:48 [notice] 1#1: worker process 32 exited with code 0
2024/03/22 19:09:48 [notice] 1#1: signal 29 (SIGIO) received
2024/03/22 19:09:48 [notice] 1#1: signal 17 (SIGCHLD) received from 32
2024/03/22 19:09:48 [notice] 1#1: signal 17 (SIGCHLD) received from 31
2024/03/22 19:09:48 [notice] 1#1: worker process 31 exited with code 0
2024/03/22 19:09:48 [notice] 1#1: exit
2024/03/22 19:10:06 [notice] 1#1: using the "epoll" event method
2024/03/22 19:10:06 [notice] 1#1: nginx/1.25.4
2024/03/22 19:10:06 [notice] 1#1: built by gcc 12.2.1 20220924 (Alpine 12.2.1_git20220924-r10) 
2024/03/22 19:10:06 [notice] 1#1: OS: Linux 6.5.0-26-generic
2024/03/22 19:10:06 [notice] 1#1: getrlimit(RLIMIT_NOFILE): 1048576:1048576
2024/03/22 19:10:06 [notice] 1#1: start worker processes
2024/03/22 19:10:06 [notice] 1#1: start worker process 29
2024/03/22 19:10:06 [notice] 1#1: start worker process 30
2024/03/22 19:10:06 [notice] 1#1: start worker process 31
2024/03/22 19:10:06 [notice] 1#1: start worker process 32
2024/03/22 19:12:42 [notice] 1#1: signal 3 (SIGQUIT) received, shutting down
2024/03/22 19:12:42 [notice] 29#29: gracefully shutting down
2024/03/22 19:12:42 [notice] 30#30: gracefully shutting down
2024/03/22 19:12:42 [notice] 31#31: gracefully shutting down
2024/03/22 19:12:42 [notice] 29#29: exiting
2024/03/22 19:12:42 [notice] 30#30: exiting
2024/03/22 19:12:42 [notice] 31#31: exiting
2024/03/22 19:12:42 [notice] 29#29: exit
2024/03/22 19:12:42 [notice] 30#30: exit
2024/03/22 19:12:42 [notice] 31#31: exit
2024/03/22 19:12:42 [notice] 32#32: gracefully shutting down
2024/03/22 19:12:42 [notice] 32#32: exiting
2024/03/22 19:12:42 [notice] 32#32: exit
2024/03/22 19:12:42 [notice] 1#1: signal 17 (SIGCHLD) received from 30
2024/03/22 19:12:42 [notice] 1#1: worker process 30 exited with code 0
2024/03/22 19:12:42 [notice] 1#1: signal 29 (SIGIO) received
2024/03/22 19:12:42 [notice] 1#1: signal 17 (SIGCHLD) received from 31
2024/03/22 19:12:42 [notice] 1#1: worker process 31 exited with code 0
2024/03/22 19:12:42 [notice] 1#1: signal 29 (SIGIO) received
2024/03/22 19:12:42 [notice] 1#1: signal 17 (SIGCHLD) received from 32
2024/03/22 19:12:42 [notice] 1#1: worker process 32 exited with code 0
2024/03/22 19:12:42 [notice] 1#1: signal 29 (SIGIO) received
2024/03/22 19:12:42 [notice] 1#1: signal 17 (SIGCHLD) received from 29
2024/03/22 19:12:42 [notice] 1#1: worker process 29 exited with code 0
2024/03/22 19:12:42 [notice] 1#1: exit
2024/03/22 19:16:51 [emerg] 1#1: host not found in upstream "php" in /etc/nginx/conf.d/default.conf:18
2024/03/22 19:25:24 [notice] 1#1: using the "epoll" event method
2024/03/22 19:25:24 [notice] 1#1: nginx/1.25.4
2024/03/22 19:25:24 [notice] 1#1: built by gcc 12.2.1 20220924 (Alpine 12.2.1_git20220924-r10) 
2024/03/22 19:25:24 [notice] 1#1: OS: Linux 6.5.0-26-generic
2024/03/22 19:25:24 [notice] 1#1: getrlimit(RLIMIT_NOFILE): 1048576:1048576
2024/03/22 19:25:24 [notice] 1#1: start worker processes
2024/03/22 19:25:24 [notice] 1#1: start worker process 28
2024/03/22 19:25:24 [notice] 1#1: start worker process 29
2024/03/22 19:25:24 [notice] 1#1: start worker process 30
2024/03/22 19:25:24 [notice] 1#1: start worker process 31
2024/03/22 19:27:46 [notice] 1#1: signal 3 (SIGQUIT) received, shutting down
2024/03/22 19:27:46 [notice] 29#29: gracefully shutting down
2024/03/22 19:27:46 [notice] 30#30: gracefully shutting down
2024/03/22 19:27:46 [notice] 29#29: exiting
2024/03/22 19:27:46 [notice] 30#30: exiting
2024/03/22 19:27:46 [notice] 29#29: exit
2024/03/22 19:27:46 [notice] 30#30: exit
2024/03/22 19:27:46 [notice] 28#28: gracefully shutting down
2024/03/22 19:27:46 [notice] 28#28: exiting
2024/03/22 19:27:46 [notice] 31#31: gracefully shutting down
2024/03/22 19:27:46 [notice] 31#31: exiting
2024/03/22 19:27:46 [notice] 31#31: exit
2024/03/22 19:27:46 [notice] 28#28: exit
2024/03/22 19:27:46 [notice] 1#1: signal 17 (SIGCHLD) received from 29
2024/03/22 19:27:46 [notice] 1#1: worker process 29 exited with code 0
2024/03/22 19:27:46 [notice] 1#1: signal 29 (SIGIO) received
2024/03/22 19:27:46 [notice] 1#1: signal 17 (SIGCHLD) received from 30
2024/03/22 19:27:46 [notice] 1#1: worker process 28 exited with code 0
2024/03/22 19:27:46 [notice] 1#1: worker process 30 exited with code 0
2024/03/22 19:27:46 [notice] 1#1: signal 29 (SIGIO) received
2024/03/22 19:27:46 [notice] 1#1: signal 17 (SIGCHLD) received from 31
2024/03/22 19:27:46 [notice] 1#1: worker process 31 exited with code 0
2024/03/22 19:27:46 [notice] 1#1: exit
2024/03/22 19:35:23 [notice] 1#1: using the "epoll" event method
2024/03/22 19:35:23 [notice] 1#1: nginx/1.25.4
2024/03/22 19:35:23 [notice] 1#1: built by gcc 12.2.1 20220924 (Alpine 12.2.1_git20220924-r10) 
2024/03/22 19:35:23 [notice] 1#1: OS: Linux 6.5.0-26-generic
2024/03/22 19:35:23 [notice] 1#1: getrlimit(RLIMIT_NOFILE): 1048576:1048576
2024/03/22 19:35:23 [notice] 1#1: start worker processes
2024/03/22 19:35:23 [notice] 1#1: start worker process 29
2024/03/22 19:35:23 [notice] 1#1: start worker process 30
2024/03/22 19:35:23 [notice] 1#1: start worker process 31
2024/03/22 19:35:23 [notice] 1#1: start worker process 32
2024/03/22 20:11:18 [notice] 1#1: signal 3 (SIGQUIT) received, shutting down
2024/03/22 20:11:18 [notice] 30#30: gracefully shutting down
2024/03/22 20:11:18 [notice] 31#31: gracefully shutting down
2024/03/22 20:11:18 [notice] 32#32: gracefully shutting down
2024/03/22 20:11:18 [notice] 29#29: gracefully shutting down
2024/03/22 20:11:18 [notice] 30#30: exiting
2024/03/22 20:11:18 [notice] 32#32: exiting
2024/03/22 20:11:18 [notice] 31#31: exiting
2024/03/22 20:11:18 [notice] 29#29: exiting
2024/03/22 20:11:18 [notice] 31#31: exit
2024/03/22 20:11:18 [notice] 32#32: exit
2024/03/22 20:11:18 [notice] 30#30: exit
2024/03/22 20:11:18 [notice] 29#29: exit
2024/03/22 20:11:18 [notice] 1#1: signal 17 (SIGCHLD) received from 32
2024/03/22 20:11:18 [notice] 1#1: worker process 32 exited with code 0
2024/03/22 20:11:18 [notice] 1#1: signal 29 (SIGIO) received
2024/03/22 20:11:18 [notice] 1#1: signal 17 (SIGCHLD) received from 30
2024/03/22 20:11:18 [notice] 1#1: worker process 30 exited with code 0
2024/03/22 20:11:18 [notice] 1#1: signal 29 (SIGIO) received
2024/03/22 20:11:18 [notice] 1#1: signal 17 (SIGCHLD) received from 31
2024/03/22 20:11:18 [notice] 1#1: worker process 31 exited with code 0
2024/03/22 20:11:18 [notice] 1#1: signal 29 (SIGIO) received
2024/03/22 20:11:18 [notice] 1#1: signal 17 (SIGCHLD) received from 29
2024/03/22 20:11:18 [notice] 1#1: worker process 29 exited with code 0
2024/03/22 20:11:18 [notice] 1#1: exit
2024/03/22 20:15:50 [notice] 1#1: using the "epoll" event method
2024/03/22 20:15:50 [notice] 1#1: nginx/1.25.4
2024/03/22 20:15:50 [notice] 1#1: built by gcc 12.2.1 20220924 (Alpine 12.2.1_git20220924-r10) 
2024/03/22 20:15:50 [notice] 1#1: OS: Linux 6.5.0-26-generic
2024/03/22 20:15:50 [notice] 1#1: getrlimit(RLIMIT_NOFILE): 1048576:1048576
2024/03/22 20:15:50 [notice] 1#1: start worker processes
2024/03/22 20:15:50 [notice] 1#1: start worker process 28
2024/03/22 20:15:50 [notice] 1#1: start worker process 29
2024/03/22 20:15:50 [notice] 1#1: start worker process 30
2024/03/22 20:15:50 [notice] 1#1: start worker process 31
2024/03/22 20:26:03 [notice] 1#1: signal 3 (SIGQUIT) received, shutting down
2024/03/22 20:26:03 [notice] 30#30: gracefully shutting down
2024/03/22 20:26:03 [notice] 29#29: gracefully shutting down
2024/03/22 20:26:03 [notice] 30#30: exiting
2024/03/22 20:26:03 [notice] 29#29: exiting
2024/03/22 20:26:03 [notice] 30#30: exit
2024/03/22 20:26:03 [notice] 29#29: exit
2024/03/22 20:26:03 [notice] 31#31: gracefully shutting down
2024/03/22 20:26:03 [notice] 31#31: exiting
2024/03/22 20:26:03 [notice] 31#31: exit
2024/03/22 20:26:03 [notice] 28#28: gracefully shutting down
2024/03/22 20:26:03 [notice] 28#28: exiting
2024/03/22 20:26:03 [notice] 28#28: exit
2024/03/22 20:26:03 [notice] 1#1: signal 17 (SIGCHLD) received from 28
2024/03/22 20:26:03 [notice] 1#1: worker process 28 exited with code 0
2024/03/22 20:26:03 [notice] 1#1: signal 29 (SIGIO) received
2024/03/22 20:26:03 [notice] 1#1: signal 17 (SIGCHLD) received from 29
2024/03/22 20:26:03 [notice] 1#1: worker process 29 exited with code 0
2024/03/22 20:26:03 [notice] 1#1: signal 29 (SIGIO) received
2024/03/22 20:26:03 [notice] 1#1: signal 17 (SIGCHLD) received from 31
2024/03/22 20:26:03 [notice] 1#1: worker process 30 exited with code 0
2024/03/22 20:26:03 [notice] 1#1: worker process 31 exited with code 0
2024/03/22 20:26:03 [notice] 1#1: exit
2024/03/22 20:30:57 [notice] 1#1: using the "epoll" event method
2024/03/22 20:30:57 [notice] 1#1: nginx/1.25.4
2024/03/22 20:30:57 [notice] 1#1: built by gcc 12.2.1 20220924 (Alpine 12.2.1_git20220924-r10) 
2024/03/22 20:30:57 [notice] 1#1: OS: Linux 6.5.0-26-generic
2024/03/22 20:30:57 [notice] 1#1: getrlimit(RLIMIT_NOFILE): 1048576:1048576
2024/03/22 20:30:57 [notice] 1#1: start worker processes
2024/03/22 20:30:57 [notice] 1#1: start worker process 30
2024/03/22 20:30:57 [notice] 1#1: start worker process 31
2024/03/22 20:30:57 [notice] 1#1: start worker process 32
2024/03/22 20:30:57 [notice] 1#1: start worker process 33
2024/03/22 20:33:19 [notice] 1#1: signal 3 (SIGQUIT) received, shutting down
2024/03/22 20:33:19 [notice] 30#30: gracefully shutting down
2024/03/22 20:33:19 [notice] 31#31: gracefully shutting down
2024/03/22 20:33:19 [notice] 32#32: gracefully shutting down
2024/03/22 20:33:19 [notice] 30#30: exiting
2024/03/22 20:33:19 [notice] 31#31: exiting
2024/03/22 20:33:19 [notice] 32#32: exiting
2024/03/22 20:33:19 [notice] 30#30: exit
2024/03/22 20:33:19 [notice] 32#32: exit
2024/03/22 20:33:19 [notice] 31#31: exit
2024/03/22 20:33:19 [notice] 33#33: gracefully shutting down
2024/03/22 20:33:19 [notice] 33#33: exiting
2024/03/22 20:33:19 [notice] 33#33: exit
2024/03/22 20:33:19 [notice] 1#1: signal 17 (SIGCHLD) received from 32
2024/03/22 20:33:19 [notice] 1#1: worker process 32 exited with code 0
2024/03/22 20:33:19 [notice] 1#1: signal 29 (SIGIO) received
2024/03/22 20:33:19 [notice] 1#1: signal 17 (SIGCHLD) received from 30
2024/03/22 20:33:19 [notice] 1#1: worker process 30 exited with code 0
2024/03/22 20:33:19 [notice] 1#1: signal 17 (SIGCHLD) received from 33
2024/03/22 20:33:19 [notice] 1#1: worker process 31 exited with code 0
2024/03/22 20:33:19 [notice] 1#1: worker process 33 exited with code 0
2024/03/22 20:33:19 [notice] 1#1: signal 17 (SIGCHLD) received from 31
2024/03/22 20:33:19 [notice] 1#1: signal 29 (SIGIO) received
2024/03/22 20:33:19 [notice] 1#1: exit
2024/03/22 20:38:38 [emerg] 1#1: host not found in upstream "php" in /etc/nginx/conf.d/default.conf:18
2024/03/22 20:47:08 [notice] 1#1: using the "epoll" event method
2024/03/22 20:47:08 [notice] 1#1: nginx/1.25.4
2024/03/22 20:47:08 [notice] 1#1: built by gcc 12.2.1 20220924 (Alpine 12.2.1_git20220924-r10) 
2024/03/22 20:47:08 [notice] 1#1: OS: Linux 6.5.0-26-generic
2024/03/22 20:47:08 [notice] 1#1: getrlimit(RLIMIT_NOFILE): 1048576:1048576
2024/03/22 20:47:08 [notice] 1#1: start worker processes
2024/03/22 20:47:08 [notice] 1#1: start worker process 29
2024/03/22 20:47:08 [notice] 1#1: start worker process 30
2024/03/22 20:47:08 [notice] 1#1: start worker process 31
2024/03/22 20:47:08 [notice] 1#1: start worker process 32
2024/03/22 20:58:45 [notice] 1#1: signal 3 (SIGQUIT) received, shutting down
2024/03/22 20:58:45 [notice] 30#30: gracefully shutting down
2024/03/22 20:58:45 [notice] 30#30: exiting
2024/03/22 20:58:45 [notice] 29#29: gracefully shutting down
2024/03/22 20:58:45 [notice] 32#32: gracefully shutting down
2024/03/22 20:58:45 [notice] 31#31: gracefully shutting down
2024/03/22 20:58:45 [notice] 32#32: exiting
2024/03/22 20:58:45 [notice] 31#31: exiting
2024/03/22 20:58:45 [notice] 29#29: exiting
2024/03/22 20:58:45 [notice] 29#29: exit
2024/03/22 20:58:45 [notice] 30#30: exit
2024/03/22 20:58:45 [notice] 31#31: exit
2024/03/22 20:58:45 [notice] 32#32: exit
2024/03/22 20:58:45 [notice] 1#1: signal 17 (SIGCHLD) received from 31
2024/03/22 20:58:45 [notice] 1#1: worker process 31 exited with code 0
2024/03/22 20:58:45 [notice] 1#1: worker process 32 exited with code 0
2024/03/22 20:58:45 [notice] 1#1: signal 29 (SIGIO) received
2024/03/22 20:58:45 [notice] 1#1: signal 17 (SIGCHLD) received from 29
2024/03/22 20:58:45 [notice] 1#1: worker process 29 exited with code 0
2024/03/22 20:58:45 [notice] 1#1: signal 29 (SIGIO) received
2024/03/22 20:58:45 [notice] 1#1: signal 17 (SIGCHLD) received from 30
2024/03/22 20:58:45 [notice] 1#1: worker process 30 exited with code 0
2024/03/22 20:58:45 [notice] 1#1: exit
2024/03/22 21:03:06 [notice] 1#1: using the "epoll" event method
2024/03/22 21:03:06 [notice] 1#1: nginx/1.25.4
2024/03/22 21:03:06 [notice] 1#1: built by gcc 12.2.1 20220924 (Alpine 12.2.1_git20220924-r10) 
2024/03/22 21:03:06 [notice] 1#1: OS: Linux 6.5.0-26-generic
2024/03/22 21:03:06 [notice] 1#1: getrlimit(RLIMIT_NOFILE): 1048576:1048576
2024/03/22 21:03:06 [notice] 1#1: start worker processes
2024/03/22 21:03:06 [notice] 1#1: start worker process 29
2024/03/22 21:03:06 [notice] 1#1: start worker process 30
2024/03/22 21:03:06 [notice] 1#1: start worker process 31
2024/03/22 21:03:06 [notice] 1#1: start worker process 32
2024/03/22 21:14:52 [notice] 1#1: signal 3 (SIGQUIT) received, shutting down
2024/03/22 21:14:52 [notice] 30#30: gracefully shutting down
2024/03/22 21:14:52 [notice] 30#30: exiting
2024/03/22 21:14:52 [notice] 29#29: gracefully shutting down
2024/03/22 21:14:52 [notice] 29#29: exiting
2024/03/22 21:14:52 [notice] 29#29: exit
2024/03/22 21:14:52 [notice] 30#30: exit
2024/03/22 21:14:52 [notice] 31#31: gracefully shutting down
2024/03/22 21:14:52 [notice] 31#31: exiting
2024/03/22 21:14:52 [notice] 32#32: gracefully shutting down
2024/03/22 21:14:52 [notice] 32#32: exiting
2024/03/22 21:14:52 [notice] 32#32: exit
2024/03/22 21:14:52 [notice] 31#31: exit
2024/03/22 21:14:52 [notice] 1#1: signal 17 (SIGCHLD) received from 30
2024/03/22 21:14:52 [notice] 1#1: worker process 30 exited with code 0
2024/03/22 21:14:52 [notice] 1#1: signal 29 (SIGIO) received
2024/03/22 21:14:52 [notice] 1#1: signal 17 (SIGCHLD) received from 32
2024/03/22 21:14:52 [notice] 1#1: worker process 32 exited with code 0
2024/03/22 21:14:52 [notice] 1#1: signal 29 (SIGIO) received
2024/03/22 21:14:52 [notice] 1#1: signal 17 (SIGCHLD) received from 31
2024/03/22 21:14:52 [notice] 1#1: worker process 31 exited with code 0
2024/03/22 21:14:52 [notice] 1#1: signal 29 (SIGIO) received
2024/03/22 21:14:52 [notice] 1#1: signal 17 (SIGCHLD) received from 29
2024/03/22 21:14:52 [notice] 1#1: worker process 29 exited with code 0
2024/03/22 21:14:52 [notice] 1#1: exit
2024/03/23 07:43:15 [emerg] 1#1: host not found in upstream "php" in /etc/nginx/conf.d/default.conf:18
2024/03/23 07:47:43 [emerg] 1#1: host not found in upstream "php" in /etc/nginx/conf.d/default.conf:18
2024/03/23 07:52:53 [notice] 1#1: using the "epoll" event method
2024/03/23 07:52:53 [notice] 1#1: nginx/1.25.4
2024/03/23 07:52:53 [notice] 1#1: built by gcc 12.2.1 20220924 (Alpine 12.2.1_git20220924-r10) 
2024/03/23 07:52:53 [notice] 1#1: OS: Linux 6.5.0-26-generic
2024/03/23 07:52:53 [notice] 1#1: getrlimit(RLIMIT_NOFILE): 1048576:1048576
2024/03/23 07:52:53 [notice] 1#1: start worker processes
2024/03/23 07:52:53 [notice] 1#1: start worker process 29
2024/03/23 07:52:53 [notice] 1#1: start worker process 30
2024/03/23 07:52:53 [notice] 1#1: start worker process 31
2024/03/23 07:52:53 [notice] 1#1: start worker process 32
2024/03/23 08:04:54 [notice] 1#1: signal 3 (SIGQUIT) received, shutting down
2024/03/23 08:04:54 [notice] 29#29: gracefully shutting down
2024/03/23 08:04:54 [notice] 30#30: gracefully shutting down
2024/03/23 08:04:54 [notice] 29#29: exiting
2024/03/23 08:04:54 [notice] 30#30: exiting
2024/03/23 08:04:54 [notice] 30#30: exit
2024/03/23 08:04:54 [notice] 29#29: exit
2024/03/23 08:04:54 [notice] 32#32: gracefully shutting down
2024/03/23 08:04:54 [notice] 32#32: exiting
2024/03/23 08:04:54 [notice] 32#32: exit
2024/03/23 08:04:54 [notice] 31#31: gracefully shutting down
2024/03/23 08:04:54 [notice] 31#31: exiting
2024/03/23 08:04:54 [notice] 31#31: exit
2024/03/23 08:04:54 [notice] 1#1: signal 17 (SIGCHLD) received from 30
2024/03/23 08:04:54 [notice] 1#1: worker process 30 exited with code 0
2024/03/23 08:04:54 [notice] 1#1: signal 29 (SIGIO) received
2024/03/23 08:04:54 [notice] 1#1: signal 17 (SIGCHLD) received from 29
2024/03/23 08:04:54 [notice] 1#1: worker process 29 exited with code 0
2024/03/23 08:04:54 [notice] 1#1: signal 29 (SIGIO) received
2024/03/23 08:04:54 [notice] 1#1: signal 17 (SIGCHLD) received from 31
2024/03/23 08:04:54 [notice] 1#1: worker process 31 exited with code 0
2024/03/23 08:04:54 [notice] 1#1: signal 29 (SIGIO) received
2024/03/23 08:04:54 [notice] 1#1: signal 17 (SIGCHLD) received from 32
2024/03/23 08:04:54 [notice] 1#1: worker process 32 exited with code 0
2024/03/23 08:04:54 [notice] 1#1: exit
2024/03/23 08:08:53 [emerg] 1#1: host not found in upstream "php" in /etc/nginx/conf.d/default.conf:18
2024/03/23 08:13:57 [notice] 1#1: using the "epoll" event method
2024/03/23 08:13:57 [notice] 1#1: nginx/1.25.4
2024/03/23 08:13:57 [notice] 1#1: built by gcc 12.2.1 20220924 (Alpine 12.2.1_git20220924-r10) 
2024/03/23 08:13:57 [notice] 1#1: OS: Linux 6.5.0-26-generic
2024/03/23 08:13:57 [notice] 1#1: getrlimit(RLIMIT_NOFILE): 1048576:1048576
2024/03/23 08:13:57 [notice] 1#1: start worker processes
2024/03/23 08:13:57 [notice] 1#1: start worker process 29
2024/03/23 08:13:57 [notice] 1#1: start worker process 30
2024/03/23 08:13:57 [notice] 1#1: start worker process 31
2024/03/23 08:13:57 [notice] 1#1: start worker process 32
2024/03/23 08:23:15 [notice] 1#1: signal 3 (SIGQUIT) received, shutting down
2024/03/23 08:23:15 [notice] 30#30: gracefully shutting down
2024/03/23 08:23:15 [notice] 30#30: exiting
2024/03/23 08:23:15 [notice] 32#32: gracefully shutting down
2024/03/23 08:23:15 [notice] 29#29: gracefully shutting down
2024/03/23 08:23:15 [notice] 31#31: gracefully shutting down
2024/03/23 08:23:15 [notice] 30#30: exit
2024/03/23 08:23:15 [notice] 31#31: exiting
2024/03/23 08:23:15 [notice] 29#29: exiting
2024/03/23 08:23:15 [notice] 31#31: exit
2024/03/23 08:23:15 [notice] 32#32: exiting
2024/03/23 08:23:15 [notice] 29#29: exit
2024/03/23 08:23:15 [notice] 32#32: exit
2024/03/23 08:23:15 [notice] 1#1: signal 3 (SIGQUIT) received, shutting down
2024/03/23 08:23:15 [notice] 1#1: signal 17 (SIGCHLD) received from 31
2024/03/23 08:23:15 [notice] 1#1: worker process 31 exited with code 0
2024/03/23 08:23:15 [notice] 1#1: worker process 32 exited with code 0
2024/03/23 08:23:15 [notice] 1#1: signal 29 (SIGIO) received
2024/03/23 08:23:15 [notice] 1#1: signal 17 (SIGCHLD) received from 29
2024/03/23 08:23:15 [notice] 1#1: worker process 29 exited with code 0
2024/03/23 08:23:15 [notice] 1#1: signal 29 (SIGIO) received
2024/03/23 08:23:15 [notice] 1#1: signal 17 (SIGCHLD) received from 30
2024/03/23 08:23:15 [notice] 1#1: worker process 30 exited with code 0
2024/03/23 08:23:15 [notice] 1#1: exit
2024/03/23 08:28:23 [notice] 1#1: using the "epoll" event method
2024/03/23 08:28:23 [notice] 1#1: nginx/1.25.4
2024/03/23 08:28:23 [notice] 1#1: built by gcc 12.2.1 20220924 (Alpine 12.2.1_git20220924-r10) 
2024/03/23 08:28:23 [notice] 1#1: OS: Linux 6.5.0-26-generic
2024/03/23 08:28:23 [notice] 1#1: getrlimit(RLIMIT_NOFILE): 1048576:1048576
2024/03/23 08:28:23 [notice] 1#1: start worker processes
2024/03/23 08:28:23 [notice] 1#1: start worker process 28
2024/03/23 08:28:23 [notice] 1#1: start worker process 29
2024/03/23 08:28:23 [notice] 1#1: start worker process 30
2024/03/23 08:28:23 [notice] 1#1: start worker process 31
2024/03/23 08:30:43 [notice] 1#1: signal 3 (SIGQUIT) received, shutting down
2024/03/23 08:30:43 [notice] 28#28: gracefully shutting down
2024/03/23 08:30:43 [notice] 31#31: gracefully shutting down
2024/03/23 08:30:43 [notice] 28#28: exiting
2024/03/23 08:30:43 [notice] 31#31: exiting
2024/03/23 08:30:43 [notice] 28#28: exit
2024/03/23 08:30:43 [notice] 31#31: exit
2024/03/23 08:30:43 [notice] 29#29: gracefully shutting down
2024/03/23 08:30:43 [notice] 29#29: exiting
2024/03/23 08:30:43 [notice] 29#29: exit
2024/03/23 08:30:43 [notice] 30#30: gracefully shutting down
2024/03/23 08:30:43 [notice] 30#30: exiting
2024/03/23 08:30:43 [notice] 30#30: exit
2024/03/23 08:30:43 [notice] 1#1: signal 3 (SIGQUIT) received, shutting down
2024/03/23 08:30:43 [notice] 1#1: signal 17 (SIGCHLD) received from 29
2024/03/23 08:30:43 [notice] 1#1: worker process 29 exited with code 0
2024/03/23 08:30:43 [notice] 1#1: signal 29 (SIGIO) received
2024/03/23 08:30:43 [notice] 1#1: signal 17 (SIGCHLD) received from 28
2024/03/23 08:30:43 [notice] 1#1: worker process 28 exited with code 0
2024/03/23 08:30:43 [notice] 1#1: signal 29 (SIGIO) received
2024/03/23 08:30:43 [notice] 1#1: signal 17 (SIGCHLD) received from 30
2024/03/23 08:30:43 [notice] 1#1: worker process 30 exited with code 0
2024/03/23 08:30:43 [notice] 1#1: worker process 31 exited with code 0
2024/03/23 08:30:43 [notice] 1#1: exit
2024/03/23 08:31:13 [notice] 1#1: using the "epoll" event method
2024/03/23 08:31:13 [notice] 1#1: nginx/1.25.4
2024/03/23 08:31:13 [notice] 1#1: built by gcc 12.2.1 20220924 (Alpine 12.2.1_git20220924-r10) 
2024/03/23 08:31:13 [notice] 1#1: OS: Linux 6.5.0-26-generic
2024/03/23 08:31:13 [notice] 1#1: getrlimit(RLIMIT_NOFILE): 1048576:1048576
2024/03/23 08:31:13 [notice] 1#1: start worker processes
2024/03/23 08:31:13 [notice] 1#1: start worker process 29
2024/03/23 08:31:13 [notice] 1#1: start worker process 30
2024/03/23 08:31:13 [notice] 1#1: start worker process 31
2024/03/23 08:31:13 [notice] 1#1: start worker process 32
2024/03/23 08:42:17 [notice] 1#1: signal 3 (SIGQUIT) received, shutting down
2024/03/23 08:42:17 [notice] 29#29: gracefully shutting down
2024/03/23 08:42:17 [notice] 30#30: gracefully shutting down
2024/03/23 08:42:17 [notice] 31#31: gracefully shutting down
2024/03/23 08:42:17 [notice] 29#29: exiting
2024/03/23 08:42:17 [notice] 30#30: exiting
2024/03/23 08:42:17 [notice] 31#31: exiting
2024/03/23 08:42:17 [notice] 29#29: exit
2024/03/23 08:42:17 [notice] 31#31: exit
2024/03/23 08:42:17 [notice] 30#30: exit
2024/03/23 08:42:17 [notice] 32#32: gracefully shutting down
2024/03/23 08:42:17 [notice] 32#32: exiting
2024/03/23 08:42:17 [notice] 32#32: exit
2024/03/23 08:42:17 [notice] 1#1: signal 17 (SIGCHLD) received from 31
2024/03/23 08:42:17 [notice] 1#1: worker process 31 exited with code 0
2024/03/23 08:42:17 [notice] 1#1: signal 29 (SIGIO) received
2024/03/23 08:42:17 [notice] 1#1: signal 17 (SIGCHLD) received from 29
2024/03/23 08:42:17 [notice] 1#1: worker process 29 exited with code 0
2024/03/23 08:42:17 [notice] 1#1: signal 29 (SIGIO) received
2024/03/23 08:42:17 [notice] 1#1: signal 17 (SIGCHLD) received from 32
2024/03/23 08:42:17 [notice] 1#1: worker process 32 exited with code 0
2024/03/23 08:42:17 [notice] 1#1: signal 17 (SIGCHLD) received from 30
2024/03/23 08:42:17 [notice] 1#1: worker process 30 exited with code 0
2024/03/23 08:42:17 [notice] 1#1: exit
2024/03/23 08:42:49 [notice] 1#1: using the "epoll" event method
2024/03/23 08:42:49 [notice] 1#1: nginx/1.25.4
2024/03/23 08:42:49 [notice] 1#1: built by gcc 12.2.1 20220924 (Alpine 12.2.1_git20220924-r10) 
2024/03/23 08:42:49 [notice] 1#1: OS: Linux 6.5.0-26-generic
2024/03/23 08:42:49 [notice] 1#1: getrlimit(RLIMIT_NOFILE): 1048576:1048576
2024/03/23 08:42:49 [notice] 1#1: start worker processes
2024/03/23 08:42:49 [notice] 1#1: start worker process 29
2024/03/23 08:42:49 [notice] 1#1: start worker process 30
2024/03/23 08:42:49 [notice] 1#1: start worker process 31
2024/03/23 08:42:49 [notice] 1#1: start worker process 32
2024/03/23 08:49:12 [notice] 1#1: signal 3 (SIGQUIT) received, shutting down
2024/03/23 08:49:12 [notice] 29#29: gracefully shutting down
2024/03/23 08:49:12 [notice] 29#29: exiting
2024/03/23 08:49:12 [notice] 29#29: exit
2024/03/23 08:49:12 [notice] 30#30: gracefully shutting down
2024/03/23 08:49:12 [notice] 30#30: exiting
2024/03/23 08:49:12 [notice] 31#31: gracefully shutting down
2024/03/23 08:49:12 [notice] 30#30: exit
2024/03/23 08:49:12 [notice] 31#31: exiting
2024/03/23 08:49:12 [notice] 31#31: exit
2024/03/23 08:49:12 [notice] 32#32: gracefully shutting down
2024/03/23 08:49:12 [notice] 32#32: exiting
2024/03/23 08:49:12 [notice] 32#32: exit
2024/03/23 08:49:12 [notice] 1#1: signal 17 (SIGCHLD) received from 29
2024/03/23 08:49:12 [notice] 1#1: worker process 29 exited with code 0
2024/03/23 08:49:12 [notice] 1#1: signal 29 (SIGIO) received
2024/03/23 08:49:12 [notice] 1#1: signal 17 (SIGCHLD) received from 30
2024/03/23 08:49:12 [notice] 1#1: worker process 30 exited with code 0
2024/03/23 08:49:12 [notice] 1#1: signal 29 (SIGIO) received
2024/03/23 08:49:12 [notice] 1#1: signal 17 (SIGCHLD) received from 31
2024/03/23 08:49:12 [notice] 1#1: worker process 31 exited with code 0
2024/03/23 08:49:12 [notice] 1#1: worker process 32 exited with code 0
2024/03/23 08:49:12 [notice] 1#1: exit
2024/03/23 08:49:29 [notice] 1#1: using the "epoll" event method
2024/03/23 08:49:29 [notice] 1#1: nginx/1.25.4
2024/03/23 08:49:29 [notice] 1#1: built by gcc 12.2.1 20220924 (Alpine 12.2.1_git20220924-r10) 
2024/03/23 08:49:29 [notice] 1#1: OS: Linux 6.5.0-26-generic
2024/03/23 08:49:29 [notice] 1#1: getrlimit(RLIMIT_NOFILE): 1048576:1048576
2024/03/23 08:49:29 [notice] 1#1: start worker processes
2024/03/23 08:49:29 [notice] 1#1: start worker process 30
2024/03/23 08:49:29 [notice] 1#1: start worker process 31
2024/03/23 08:49:29 [notice] 1#1: start worker process 32
2024/03/23 08:49:29 [notice] 1#1: start worker process 33
2024/03/23 08:53:04 [notice] 1#1: signal 3 (SIGQUIT) received, shutting down
2024/03/23 08:53:04 [notice] 33#33: gracefully shutting down
2024/03/23 08:53:04 [notice] 33#33: exiting
2024/03/23 08:53:04 [notice] 30#30: gracefully shutting down
2024/03/23 08:53:04 [notice] 30#30: exiting
2024/03/23 08:53:04 [notice] 33#33: exit
2024/03/23 08:53:04 [notice] 30#30: exit
2024/03/23 08:53:04 [notice] 32#32: gracefully shutting down
2024/03/23 08:53:04 [notice] 32#32: exiting
2024/03/23 08:53:04 [notice] 31#31: gracefully shutting down
2024/03/23 08:53:04 [notice] 31#31: exiting
2024/03/23 08:53:04 [notice] 31#31: exit
2024/03/23 08:53:04 [notice] 32#32: exit
2024/03/23 08:53:04 [notice] 1#1: signal 17 (SIGCHLD) received from 30
2024/03/23 08:53:04 [notice] 1#1: worker process 30 exited with code 0
2024/03/23 08:53:04 [notice] 1#1: signal 29 (SIGIO) received
2024/03/23 08:53:04 [notice] 1#1: signal 17 (SIGCHLD) received from 33
2024/03/23 08:53:04 [notice] 1#1: worker process 33 exited with code 0
2024/03/23 08:53:04 [notice] 1#1: signal 29 (SIGIO) received
2024/03/23 08:53:04 [notice] 1#1: signal 17 (SIGCHLD) received from 32
2024/03/23 08:53:04 [notice] 1#1: worker process 32 exited with code 0
2024/03/23 08:53:04 [notice] 1#1: signal 29 (SIGIO) received
2024/03/23 08:53:04 [notice] 1#1: signal 17 (SIGCHLD) received from 31
2024/03/23 08:53:04 [notice] 1#1: worker process 31 exited with code 0
2024/03/23 08:53:04 [notice] 1#1: exit
2024/03/23 08:56:01 [notice] 1#1: using the "epoll" event method
2024/03/23 08:56:01 [notice] 1#1: nginx/1.25.4
2024/03/23 08:56:01 [notice] 1#1: built by gcc 12.2.1 20220924 (Alpine 12.2.1_git20220924-r10) 
2024/03/23 08:56:01 [notice] 1#1: OS: Linux 6.5.0-26-generic
2024/03/23 08:56:01 [notice] 1#1: getrlimit(RLIMIT_NOFILE): 1048576:1048576
2024/03/23 08:56:01 [notice] 1#1: start worker processes
2024/03/23 08:56:01 [notice] 1#1: start worker process 29
2024/03/23 08:56:01 [notice] 1#1: start worker process 30
2024/03/23 08:56:01 [notice] 1#1: start worker process 31
2024/03/23 08:56:01 [notice] 1#1: start worker process 32
2024/03/23 08:56:17 [notice] 1#1: signal 3 (SIGQUIT) received, shutting down
2024/03/23 08:56:17 [notice] 30#30: gracefully shutting down
2024/03/23 08:56:17 [notice] 31#31: gracefully shutting down
2024/03/23 08:56:17 [notice] 30#30: exiting
2024/03/23 08:56:17 [notice] 31#31: exiting
2024/03/23 08:56:17 [notice] 30#30: exit
2024/03/23 08:56:17 [notice] 31#31: exit
2024/03/23 08:56:17 [notice] 29#29: gracefully shutting down
2024/03/23 08:56:17 [notice] 29#29: exiting
2024/03/23 08:56:17 [notice] 29#29: exit
2024/03/23 08:56:17 [notice] 32#32: gracefully shutting down
2024/03/23 08:56:17 [notice] 32#32: exiting
2024/03/23 08:56:17 [notice] 32#32: exit
2024/03/23 08:56:17 [notice] 1#1: signal 3 (SIGQUIT) received, shutting down
2024/03/23 08:56:17 [notice] 1#1: signal 17 (SIGCHLD) received from 29
2024/03/23 08:56:17 [notice] 1#1: worker process 29 exited with code 0
2024/03/23 08:56:17 [notice] 1#1: worker process 30 exited with code 0
2024/03/23 08:56:17 [notice] 1#1: signal 29 (SIGIO) received
2024/03/23 08:56:17 [notice] 1#1: signal 17 (SIGCHLD) received from 31
2024/03/23 08:56:17 [notice] 1#1: worker process 31 exited with code 0
2024/03/23 08:56:17 [notice] 1#1: worker process 32 exited with code 0
2024/03/23 08:56:17 [notice] 1#1: signal 17 (SIGCHLD) received from 32
2024/03/23 08:56:17 [notice] 1#1: exit
2024/03/23 08:56:32 [notice] 1#1: using the "epoll" event method
2024/03/23 08:56:32 [notice] 1#1: nginx/1.25.4
2024/03/23 08:56:32 [notice] 1#1: built by gcc 12.2.1 20220924 (Alpine 12.2.1_git20220924-r10) 
2024/03/23 08:56:32 [notice] 1#1: OS: Linux 6.5.0-26-generic
2024/03/23 08:56:32 [notice] 1#1: getrlimit(RLIMIT_NOFILE): 1048576:1048576
2024/03/23 08:56:32 [notice] 1#1: start worker processes
2024/03/23 08:56:32 [notice] 1#1: start worker process 29
2024/03/23 08:56:32 [notice] 1#1: start worker process 30
2024/03/23 08:56:32 [notice] 1#1: start worker process 31
2024/03/23 08:56:32 [notice] 1#1: start worker process 32
2024/03/23 08:59:34 [notice] 1#1: signal 3 (SIGQUIT) received, shutting down
2024/03/23 08:59:34 [notice] 30#30: gracefully shutting down
2024/03/23 08:59:34 [notice] 31#31: gracefully shutting down
2024/03/23 08:59:34 [notice] 30#30: exiting
2024/03/23 08:59:34 [notice] 31#31: exiting
2024/03/23 08:59:34 [notice] 31#31: exit
2024/03/23 08:59:34 [notice] 30#30: exit
2024/03/23 08:59:34 [notice] 29#29: gracefully shutting down
2024/03/23 08:59:34 [notice] 32#32: gracefully shutting down
2024/03/23 08:59:34 [notice] 32#32: exiting
2024/03/23 08:59:34 [notice] 32#32: exit
2024/03/23 08:59:34 [notice] 29#29: exiting
2024/03/23 08:59:34 [notice] 29#29: exit
2024/03/23 08:59:34 [notice] 1#1: signal 17 (SIGCHLD) received from 31
2024/03/23 08:59:34 [notice] 1#1: worker process 31 exited with code 0
2024/03/23 08:59:34 [notice] 1#1: signal 29 (SIGIO) received
2024/03/23 08:59:34 [notice] 1#1: signal 17 (SIGCHLD) received from 30
2024/03/23 08:59:34 [notice] 1#1: worker process 29 exited with code 0
2024/03/23 08:59:34 [notice] 1#1: worker process 30 exited with code 0
2024/03/23 08:59:34 [notice] 1#1: signal 29 (SIGIO) received
2024/03/23 08:59:34 [notice] 1#1: signal 17 (SIGCHLD) received from 32
2024/03/23 08:59:34 [notice] 1#1: worker process 32 exited with code 0
2024/03/23 08:59:34 [notice] 1#1: exit
2024/03/23 08:59:50 [notice] 1#1: using the "epoll" event method
2024/03/23 08:59:50 [notice] 1#1: nginx/1.25.4
2024/03/23 08:59:50 [notice] 1#1: built by gcc 12.2.1 20220924 (Alpine 12.2.1_git20220924-r10) 
2024/03/23 08:59:50 [notice] 1#1: OS: Linux 6.5.0-26-generic
2024/03/23 08:59:50 [notice] 1#1: getrlimit(RLIMIT_NOFILE): 1048576:1048576
2024/03/23 08:59:50 [notice] 1#1: start worker processes
2024/03/23 08:59:50 [notice] 1#1: start worker process 29
2024/03/23 08:59:50 [notice] 1#1: start worker process 30
2024/03/23 08:59:50 [notice] 1#1: start worker process 31
2024/03/23 08:59:50 [notice] 1#1: start worker process 32
2024/03/23 08:59:56 [notice] 1#1: signal 3 (SIGQUIT) received, shutting down
2024/03/23 08:59:56 [notice] 30#30: gracefully shutting down
2024/03/23 08:59:56 [notice] 31#31: gracefully shutting down
2024/03/23 08:59:56 [notice] 30#30: exiting
2024/03/23 08:59:56 [notice] 31#31: exiting
2024/03/23 08:59:56 [notice] 31#31: exit
2024/03/23 08:59:56 [notice] 30#30: exit
2024/03/23 08:59:56 [notice] 32#32: gracefully shutting down
2024/03/23 08:59:56 [notice] 32#32: exiting
2024/03/23 08:59:56 [notice] 32#32: exit
2024/03/23 08:59:56 [notice] 29#29: gracefully shutting down
2024/03/23 08:59:56 [notice] 29#29: exiting
2024/03/23 08:59:56 [notice] 29#29: exit
2024/03/23 08:59:56 [notice] 1#1: signal 3 (SIGQUIT) received, shutting down
2024/03/23 08:59:56 [notice] 1#1: signal 17 (SIGCHLD) received from 30
2024/03/23 08:59:56 [notice] 1#1: worker process 30 exited with code 0
2024/03/23 08:59:56 [notice] 1#1: signal 29 (SIGIO) received
2024/03/23 08:59:56 [notice] 1#1: signal 17 (SIGCHLD) received from 31
2024/03/23 08:59:56 [notice] 1#1: worker process 31 exited with code 0
2024/03/23 08:59:56 [notice] 1#1: signal 29 (SIGIO) received
2024/03/23 08:59:56 [notice] 1#1: signal 17 (SIGCHLD) received from 29
2024/03/23 08:59:56 [notice] 1#1: worker process 29 exited with code 0
2024/03/23 08:59:56 [notice] 1#1: signal 29 (SIGIO) received
2024/03/23 08:59:56 [notice] 1#1: signal 17 (SIGCHLD) received from 32
2024/03/23 08:59:56 [notice] 1#1: worker process 32 exited with code 0
2024/03/23 08:59:56 [notice] 1#1: exit
2024/03/23 09:00:09 [notice] 1#1: using the "epoll" event method
2024/03/23 09:00:09 [notice] 1#1: nginx/1.25.4
2024/03/23 09:00:09 [notice] 1#1: built by gcc 12.2.1 20220924 (Alpine 12.2.1_git20220924-r10) 
2024/03/23 09:00:09 [notice] 1#1: OS: Linux 6.5.0-26-generic
2024/03/23 09:00:09 [notice] 1#1: getrlimit(RLIMIT_NOFILE): 1048576:1048576
2024/03/23 09:00:09 [notice] 1#1: start worker processes
2024/03/23 09:00:09 [notice] 1#1: start worker process 30
2024/03/23 09:00:09 [notice] 1#1: start worker process 31
2024/03/23 09:00:09 [notice] 1#1: start worker process 32
2024/03/23 09:00:09 [notice] 1#1: start worker process 33
2024/03/23 09:04:39 [notice] 1#1: signal 3 (SIGQUIT) received, shutting down
2024/03/23 09:04:39 [notice] 31#31: gracefully shutting down
2024/03/23 09:04:39 [notice] 31#31: exiting
2024/03/23 09:04:39 [notice] 31#31: exit
2024/03/23 09:04:39 [notice] 32#32: gracefully shutting down
2024/03/23 09:04:39 [notice] 32#32: exiting
2024/03/23 09:04:39 [notice] 32#32: exit
2024/03/23 09:04:39 [notice] 33#33: gracefully shutting down
2024/03/23 09:04:39 [notice] 33#33: exiting
2024/03/23 09:04:39 [notice] 33#33: exit
2024/03/23 09:04:39 [notice] 30#30: gracefully shutting down
2024/03/23 09:04:39 [notice] 30#30: exiting
2024/03/23 09:04:39 [notice] 30#30: exit
2024/03/23 09:04:39 [notice] 1#1: signal 17 (SIGCHLD) received from 31
2024/03/23 09:04:39 [notice] 1#1: worker process 31 exited with code 0
2024/03/23 09:04:39 [notice] 1#1: signal 29 (SIGIO) received
2024/03/23 09:04:39 [notice] 1#1: signal 17 (SIGCHLD) received from 33
2024/03/23 09:04:39 [notice] 1#1: worker process 33 exited with code 0
2024/03/23 09:04:39 [notice] 1#1: signal 29 (SIGIO) received
2024/03/23 09:04:39 [notice] 1#1: signal 17 (SIGCHLD) received from 30
2024/03/23 09:04:39 [notice] 1#1: worker process 30 exited with code 0
2024/03/23 09:04:39 [notice] 1#1: signal 29 (SIGIO) received
2024/03/23 09:04:39 [notice] 1#1: signal 17 (SIGCHLD) received from 32
2024/03/23 09:04:39 [notice] 1#1: worker process 32 exited with code 0
2024/03/23 09:04:39 [notice] 1#1: exit
2024/03/23 09:05:04 [notice] 1#1: using the "epoll" event method
2024/03/23 09:05:04 [notice] 1#1: nginx/1.25.4
2024/03/23 09:05:04 [notice] 1#1: built by gcc 12.2.1 20220924 (Alpine 12.2.1_git20220924-r10) 
2024/03/23 09:05:04 [notice] 1#1: OS: Linux 6.5.0-26-generic
2024/03/23 09:05:04 [notice] 1#1: getrlimit(RLIMIT_NOFILE): 1048576:1048576
2024/03/23 09:05:04 [notice] 1#1: start worker processes
2024/03/23 09:05:04 [notice] 1#1: start worker process 29
2024/03/23 09:05:04 [notice] 1#1: start worker process 30
2024/03/23 09:05:04 [notice] 1#1: start worker process 31
2024/03/23 09:05:04 [notice] 1#1: start worker process 32
2024/03/23 09:12:39 [notice] 1#1: signal 3 (SIGQUIT) received, shutting down
2024/03/23 09:12:39 [notice] 31#31: gracefully shutting down
2024/03/23 09:12:39 [notice] 31#31: exiting
2024/03/23 09:12:39 [notice] 31#31: exit
2024/03/23 09:12:39 [notice] 29#29: gracefully shutting down
2024/03/23 09:12:39 [notice] 29#29: exiting
2024/03/23 09:12:39 [notice] 29#29: exit
2024/03/23 09:12:39 [notice] 30#30: gracefully shutting down
2024/03/23 09:12:39 [notice] 30#30: exiting
2024/03/23 09:12:39 [notice] 32#32: gracefully shutting down
2024/03/23 09:12:39 [notice] 32#32: exiting
2024/03/23 09:12:39 [notice] 30#30: exit
2024/03/23 09:12:39 [notice] 32#32: exit
2024/03/23 09:12:39 [notice] 1#1: signal 17 (SIGCHLD) received from 29
2024/03/23 09:12:39 [notice] 1#1: worker process 29 exited with code 0
2024/03/23 09:12:39 [notice] 1#1: signal 29 (SIGIO) received
2024/03/23 09:12:39 [notice] 1#1: signal 17 (SIGCHLD) received from 31
2024/03/23 09:12:39 [notice] 1#1: worker process 30 exited with code 0
2024/03/23 09:12:39 [notice] 1#1: worker process 31 exited with code 0
2024/03/23 09:12:39 [notice] 1#1: signal 29 (SIGIO) received
2024/03/23 09:12:39 [notice] 1#1: signal 17 (SIGCHLD) received from 30
2024/03/23 09:12:39 [notice] 1#1: signal 17 (SIGCHLD) received from 32
2024/03/23 09:12:39 [notice] 1#1: worker process 32 exited with code 0
2024/03/23 09:12:39 [notice] 1#1: exit
2024/03/23 09:14:39 [emerg] 1#1: host not found in upstream "php" in /etc/nginx/conf.d/default.conf:18
2024/03/23 09:15:37 [notice] 1#1: using the "epoll" event method
2024/03/23 09:15:37 [notice] 1#1: nginx/1.25.4
2024/03/23 09:15:37 [notice] 1#1: built by gcc 12.2.1 20220924 (Alpine 12.2.1_git20220924-r10) 
2024/03/23 09:15:37 [notice] 1#1: OS: Linux 6.5.0-26-generic
2024/03/23 09:15:37 [notice] 1#1: getrlimit(RLIMIT_NOFILE): 1048576:1048576
2024/03/23 09:15:37 [notice] 1#1: start worker processes
2024/03/23 09:15:37 [notice] 1#1: start worker process 29
2024/03/23 09:15:37 [notice] 1#1: start worker process 30
2024/03/23 09:15:37 [notice] 1#1: start worker process 31
2024/03/23 09:15:37 [notice] 1#1: start worker process 32
2024/03/23 09:18:09 [notice] 1#1: signal 3 (SIGQUIT) received, shutting down
2024/03/23 09:18:09 [notice] 31#31: gracefully shutting down
2024/03/23 09:18:09 [notice] 29#29: gracefully shutting down
2024/03/23 09:18:09 [notice] 31#31: exiting
2024/03/23 09:18:09 [notice] 29#29: exiting
2024/03/23 09:18:09 [notice] 29#29: exit
2024/03/23 09:18:09 [notice] 31#31: exit
2024/03/23 09:18:09 [notice] 32#32: gracefully shutting down
2024/03/23 09:18:09 [notice] 32#32: exiting
2024/03/23 09:18:09 [notice] 32#32: exit
2024/03/23 09:18:09 [notice] 30#30: gracefully shutting down
2024/03/23 09:18:09 [notice] 30#30: exiting
2024/03/23 09:18:09 [notice] 30#30: exit
2024/03/23 09:18:09 [notice] 1#1: signal 17 (SIGCHLD) received from 29
2024/03/23 09:18:09 [notice] 1#1: worker process 29 exited with code 0
2024/03/23 09:18:09 [notice] 1#1: signal 29 (SIGIO) received
2024/03/23 09:18:09 [notice] 1#1: signal 17 (SIGCHLD) received from 32
2024/03/23 09:18:09 [notice] 1#1: worker process 32 exited with code 0
2024/03/23 09:18:09 [notice] 1#1: signal 29 (SIGIO) received
2024/03/23 09:18:09 [notice] 1#1: signal 17 (SIGCHLD) received from 31
2024/03/23 09:18:09 [notice] 1#1: worker process 31 exited with code 0
2024/03/23 09:18:09 [notice] 1#1: signal 29 (SIGIO) received
2024/03/23 09:18:09 [notice] 1#1: signal 17 (SIGCHLD) received from 30
2024/03/23 09:18:09 [notice] 1#1: worker process 30 exited with code 0
2024/03/23 09:18:09 [notice] 1#1: exit
2024/03/23 09:19:07 [notice] 1#1: using the "epoll" event method
2024/03/23 09:19:07 [notice] 1#1: nginx/1.25.4
2024/03/23 09:19:07 [notice] 1#1: built by gcc 12.2.1 20220924 (Alpine 12.2.1_git20220924-r10) 
2024/03/23 09:19:07 [notice] 1#1: OS: Linux 6.5.0-26-generic
2024/03/23 09:19:07 [notice] 1#1: getrlimit(RLIMIT_NOFILE): 1048576:1048576
2024/03/23 09:19:07 [notice] 1#1: start worker processes
2024/03/23 09:19:07 [notice] 1#1: start worker process 29
2024/03/23 09:19:07 [notice] 1#1: start worker process 30
2024/03/23 09:19:07 [notice] 1#1: start worker process 31
2024/03/23 09:19:07 [notice] 1#1: start worker process 32
2024/03/23 09:24:00 [warn] 29#29: *1 an upstream response is buffered to a temporary file /var/cache/nginx/fastcgi_temp/1/00/0000000001 while reading upstream, client: 172.18.0.1, server: , request: "GET / HTTP/1.1", upstream: "fastcgi://172.18.0.4:9000", host: "127.0.0.1:8080"
2024/03/23 09:29:20 [notice] 1#1: signal 3 (SIGQUIT) received, shutting down
2024/03/23 09:29:20 [notice] 31#31: gracefully shutting down
2024/03/23 09:29:20 [notice] 29#29: gracefully shutting down
2024/03/23 09:29:20 [notice] 31#31: exiting
2024/03/23 09:29:20 [notice] 32#32: gracefully shutting down
2024/03/23 09:29:20 [notice] 30#30: gracefully shutting down
2024/03/23 09:29:20 [notice] 30#30: exiting
2024/03/23 09:29:20 [notice] 32#32: exiting
2024/03/23 09:29:20 [notice] 29#29: exiting
2024/03/23 09:29:20 [notice] 32#32: exit
2024/03/23 09:29:20 [notice] 30#30: exit
2024/03/23 09:29:20 [notice] 31#31: exit
2024/03/23 09:29:20 [notice] 29#29: exit
2024/03/23 09:29:20 [notice] 1#1: signal 17 (SIGCHLD) received from 32
2024/03/23 09:29:20 [notice] 1#1: worker process 29 exited with code 0
2024/03/23 09:29:20 [notice] 1#1: worker process 30 exited with code 0
2024/03/23 09:29:20 [notice] 1#1: worker process 31 exited with code 0
2024/03/23 09:29:20 [notice] 1#1: worker process 32 exited with code 0
2024/03/23 09:29:20 [notice] 1#1: exit
2024/03/23 09:33:39 [notice] 1#1: using the "epoll" event method
2024/03/23 09:33:39 [notice] 1#1: nginx/1.25.4
2024/03/23 09:33:39 [notice] 1#1: built by gcc 12.2.1 20220924 (Alpine 12.2.1_git20220924-r10) 
2024/03/23 09:33:39 [notice] 1#1: OS: Linux 6.5.0-26-generic
2024/03/23 09:33:39 [notice] 1#1: getrlimit(RLIMIT_NOFILE): 1048576:1048576
2024/03/23 09:33:39 [notice] 1#1: start worker processes
2024/03/23 09:33:39 [notice] 1#1: start worker process 29
2024/03/23 09:33:39 [notice] 1#1: start worker process 30
2024/03/23 09:33:39 [notice] 1#1: start worker process 31
2024/03/23 09:33:39 [notice] 1#1: start worker process 32
